<?xml version="1.0" encoding="UTF-8"?>
<testng-results total="6" passed="5" failed="1" skipped="0">
  <reporter-output>
  </reporter-output>
  <suite started-at="2018-11-03T17:41:51Z" name="Regression" finished-at="2018-11-03T17:42:09Z" duration-ms="17697">
    <groups>
      <group name="Regression">
        <method signature="HomePageTestCases.CheckHomePage()[pri:0, instance:com.qa.tests.HomePageTestCases@64337702]" name="CheckHomePage" class="com.qa.tests.HomePageTestCases"/>
        <method signature="HomePageTestCases.LogoCheck()[pri:0, instance:com.qa.tests.HomePageTestCases@64337702]" name="LogoCheck" class="com.qa.tests.HomePageTestCases"/>
        <method signature="HomePageTestCases.NavigationToGetStartedPage()[pri:0, instance:com.qa.tests.HomePageTestCases@64337702]" name="NavigationToGetStartedPage" class="com.qa.tests.HomePageTestCases"/>
        <method signature="HomePageTestCases.verifyFooterLinkNavigation()[pri:0, instance:com.qa.tests.HomePageTestCases@64337702]" name="verifyFooterLinkNavigation" class="com.qa.tests.HomePageTestCases"/>
        <method signature="HomePageTestCases.verifyTheHeaderLinkPresense()[pri:0, instance:com.qa.tests.HomePageTestCases@64337702]" name="verifyTheHeaderLinkPresense" class="com.qa.tests.HomePageTestCases"/>
      </group> <!-- Regression -->
    </groups>
    <test started-at="2018-11-03T17:41:51Z" name="Test" finished-at="2018-11-03T17:42:09Z" duration-ms="17697">
      <class name="com.qa.tests.GetStartedPageTestCases">
        <test-method signature="FormFillUp()[pri:0, instance:com.qa.tests.GetStartedPageTestCases@184497d1]" started-at="2018-11-03T12:42:07Z" name="FormFillUp" finished-at="2018-11-03T12:42:08Z" duration-ms="1288" status="PASS">
          <reporter-output>
          </reporter-output>
        </test-method> <!-- FormFillUp -->
      </class> <!-- com.qa.tests.GetStartedPageTestCases -->
      <class name="com.qa.tests.HomePageTestCases">
        <test-method signature="CheckHomePage()[pri:0, instance:com.qa.tests.HomePageTestCases@64337702]" started-at="2018-11-03T12:41:51Z" name="CheckHomePage" finished-at="2018-11-03T12:41:51Z" duration-ms="16" status="PASS">
          <reporter-output>
          </reporter-output>
        </test-method> <!-- CheckHomePage -->
        <test-method signature="LogoCheck()[pri:0, instance:com.qa.tests.HomePageTestCases@64337702]" started-at="2018-11-03T12:41:52Z" name="LogoCheck" finished-at="2018-11-03T12:41:52Z" duration-ms="67" status="PASS">
          <reporter-output>
          </reporter-output>
        </test-method> <!-- LogoCheck -->
        <test-method signature="verifyTheHeaderLinkPresense()[pri:0, instance:com.qa.tests.HomePageTestCases@64337702]" started-at="2018-11-03T12:41:53Z" name="verifyTheHeaderLinkPresense" finished-at="2018-11-03T12:42:03Z" duration-ms="10368" status="FAIL">
          <exception class="org.openqa.selenium.TimeoutException">
            <message>
              <![CDATA[Expected condition failed: waiting for visibility of Proxy element for: DefaultElementLocator 'By.xpath: /html/body/div[1]/div[1]/div/nav/div/a[1]1' (tried for 10 second(s) with 500 milliseconds interval)]]>
            </message>
            <full-stacktrace>
              <![CDATA[org.openqa.selenium.TimeoutException: Expected condition failed: waiting for visibility of Proxy element for: DefaultElementLocator 'By.xpath: /html/body/div[1]/div[1]/div/nav/div/a[1]1' (tried for 10 second(s) with 500 milliseconds interval)
	at org.openqa.selenium.support.ui.WebDriverWait.timeoutException(WebDriverWait.java:113)
	at org.openqa.selenium.support.ui.FluentWait.until(FluentWait.java:283)
	at com.qa.base.TestBase.Wait(TestBase.java:46)
	at com.qa.pages.HomePage.checkHeaderLink(HomePage.java:53)
	at com.qa.tests.HomePageTestCases.verifyTheHeaderLinkPresense(HomePageTestCases.java:30)
	at java.base/jdk.internal.reflect.NativeMethodAccessorImpl.invoke0(Native Method)
	at java.base/jdk.internal.reflect.NativeMethodAccessorImpl.invoke(NativeMethodAccessorImpl.java:62)
	at java.base/jdk.internal.reflect.DelegatingMethodAccessorImpl.invoke(DelegatingMethodAccessorImpl.java:43)
	at java.base/java.lang.reflect.Method.invoke(Method.java:564)
	at org.testng.internal.MethodInvocationHelper.invokeMethod(MethodInvocationHelper.java:80)
	at org.testng.internal.Invoker.invokeMethod(Invoker.java:714)
	at org.testng.internal.Invoker.invokeTestMethod(Invoker.java:901)
	at org.testng.internal.Invoker.invokeTestMethods(Invoker.java:1231)
	at org.testng.internal.TestMethodWorker.invokeTestMethods(TestMethodWorker.java:127)
	at org.testng.internal.TestMethodWorker.run(TestMethodWorker.java:111)
	at org.testng.TestRunner.privateRun(TestRunner.java:767)
	at org.testng.TestRunner.run(TestRunner.java:617)
	at org.testng.SuiteRunner.runTest(SuiteRunner.java:334)
	at org.testng.SuiteRunner.runSequentially(SuiteRunner.java:329)
	at org.testng.SuiteRunner.privateRun(SuiteRunner.java:291)
	at org.testng.SuiteRunner.run(SuiteRunner.java:240)
	at org.testng.SuiteRunnerWorker.runSuite(SuiteRunnerWorker.java:52)
	at org.testng.SuiteRunnerWorker.run(SuiteRunnerWorker.java:86)
	at org.testng.TestNG.runSuitesSequentially(TestNG.java:1198)
	at org.testng.TestNG.runSuitesLocally(TestNG.java:1123)
	at org.testng.TestNG.run(TestNG.java:1031)
	at org.testng.remote.AbstractRemoteTestNG.run(AbstractRemoteTestNG.java:114)
	at org.testng.remote.RemoteTestNG.initAndRun(RemoteTestNG.java:251)
	at org.testng.remote.RemoteTestNG.main(RemoteTestNG.java:77)
Caused by: org.openqa.selenium.InvalidSelectorException: invalid selector: Unable to locate an element with the xpath expression /html/body/div[1]/div[1]/div/nav/div/a[1]1 because of the following error:
SyntaxError: Failed to execute 'evaluate' on 'Document': The string '/html/body/div[1]/div[1]/div/nav/div/a[1]1' is not a valid XPath expression.
  (Session info: chrome=70.0.3538.77)
  (Driver info: chromedriver=2.41.578706 (5f725d1b4f0a4acbf5259df887244095596231db),platform=Mac OS X 10.14.0 x86_64) (WARNING: The server did not provide any stacktrace information)
Command duration or timeout: 0 milliseconds
For documentation on this error, please visit: http://seleniumhq.org/exceptions/invalid_selector_exception.html
Build info: version: '3.14.0', revision: 'aacccce0', time: '2018-08-02T20:05:20.749Z'
System info: host: 'Arunas-MacBook-Pro.local', ip: '2605:6000:3f87:eb00:216c:b23:e642:1cc%en0', os.name: 'Mac OS X', os.arch: 'x86_64', os.version: '10.14', java.version: '10.0.1'
Driver info: org.openqa.selenium.chrome.ChromeDriver
Capabilities {acceptInsecureCerts: false, acceptSslCerts: false, applicationCacheEnabled: false, browserConnectionEnabled: false, browserName: chrome, chrome: {chromedriverVersion: 2.41.578706 (5f725d1b4f0a4a..., userDataDir: /var/folders/k1/4zm_dqsd2dd...}, cssSelectorsEnabled: true, databaseEnabled: false, goog:chromeOptions: {debuggerAddress: localhost:50010}, handlesAlerts: true, hasTouchScreen: false, javascriptEnabled: true, locationContextEnabled: true, mobileEmulationEnabled: false, nativeEvents: true, networkConnectionEnabled: false, pageLoadStrategy: normal, platform: MAC, platformName: MAC, rotatable: false, setWindowRect: true, takesHeapSnapshot: true, takesScreenshot: true, unexpectedAlertBehaviour: , unhandledPromptBehavior: , version: 70.0.3538.77, webStorageEnabled: true}
Session ID: 9ffa068ec73b147eb906df2c2ca7c47b
*** Element info: {Using=xpath, value=/html/body/div[1]/div[1]/div/nav/div/a[1]1}
	at jdk.internal.reflect.GeneratedConstructorAccessor12.newInstance(Unknown Source)
	at java.base/jdk.internal.reflect.DelegatingConstructorAccessorImpl.newInstance(DelegatingConstructorAccessorImpl.java:45)
	at java.base/java.lang.reflect.Constructor.newInstance(Constructor.java:488)
	at org.openqa.selenium.remote.ErrorHandler.createThrowable(ErrorHandler.java:214)
	at org.openqa.selenium.remote.ErrorHandler.throwIfResponseFailed(ErrorHandler.java:166)
	at org.openqa.selenium.remote.http.JsonHttpResponseCodec.reconstructValue(JsonHttpResponseCodec.java:40)
	at org.openqa.selenium.remote.http.AbstractHttpResponseCodec.decode(AbstractHttpResponseCodec.java:80)
	at org.openqa.selenium.remote.http.AbstractHttpResponseCodec.decode(AbstractHttpResponseCodec.java:44)
	at org.openqa.selenium.remote.HttpCommandExecutor.execute(HttpCommandExecutor.java:158)
	at org.openqa.selenium.remote.service.DriverCommandExecutor.execute(DriverCommandExecutor.java:83)
	at org.openqa.selenium.remote.RemoteWebDriver.execute(RemoteWebDriver.java:548)
	at org.openqa.selenium.remote.RemoteWebDriver.findElement(RemoteWebDriver.java:322)
	at org.openqa.selenium.remote.RemoteWebDriver.findElementByXPath(RemoteWebDriver.java:424)
	at org.openqa.selenium.By$ByXPath.findElement(By.java:353)
	at org.openqa.selenium.remote.RemoteWebDriver.findElement(RemoteWebDriver.java:314)
	at jdk.internal.reflect.GeneratedMethodAccessor2.invoke(Unknown Source)
	at java.base/jdk.internal.reflect.DelegatingMethodAccessorImpl.invoke(DelegatingMethodAccessorImpl.java:43)
	at java.base/java.lang.reflect.Method.invoke(Method.java:564)
	at org.openqa.selenium.support.events.EventFiringWebDriver.lambda$new$1(EventFiringWebDriver.java:105)
	at com.sun.proxy.$Proxy8.findElement(Unknown Source)
	at org.openqa.selenium.support.events.EventFiringWebDriver.findElement(EventFiringWebDriver.java:194)
	at org.openqa.selenium.support.pagefactory.DefaultElementLocator.findElement(DefaultElementLocator.java:69)
	at org.openqa.selenium.support.pagefactory.internal.LocatingElementHandler.invoke(LocatingElementHandler.java:38)
	at com.sun.proxy.$Proxy12.isDisplayed(Unknown Source)
	at org.openqa.selenium.support.ui.ExpectedConditions.elementIfVisible(ExpectedConditions.java:315)
	at org.openqa.selenium.support.ui.ExpectedConditions.access$100(ExpectedConditions.java:44)
	at org.openqa.selenium.support.ui.ExpectedConditions$10.apply(ExpectedConditions.java:301)
	at org.openqa.selenium.support.ui.ExpectedConditions$10.apply(ExpectedConditions.java:298)
	at org.openqa.selenium.support.ui.FluentWait.until(FluentWait.java:260)
	... 27 more
]]>
            </full-stacktrace>
          </exception> <!-- org.openqa.selenium.TimeoutException -->
          <reporter-output>
          </reporter-output>
        </test-method> <!-- verifyTheHeaderLinkPresense -->
        <test-method signature="verifyFooterLinkNavigation()[pri:0, instance:com.qa.tests.HomePageTestCases@64337702]" started-at="2018-11-03T12:42:04Z" name="verifyFooterLinkNavigation" finished-at="2018-11-03T12:42:04Z" duration-ms="261" status="PASS">
          <reporter-output>
          </reporter-output>
        </test-method> <!-- verifyFooterLinkNavigation -->
        <test-method signature="NavigationToGetStartedPage()[pri:0, instance:com.qa.tests.HomePageTestCases@64337702]" started-at="2018-11-03T12:42:05Z" name="NavigationToGetStartedPage" finished-at="2018-11-03T12:42:07Z" duration-ms="1356" status="PASS">
          <reporter-output>
          </reporter-output>
        </test-method> <!-- NavigationToGetStartedPage -->
        <test-method is-config="true" signature="closeDriver()[pri:0, instance:com.qa.tests.HomePageTestCases@64337702]" started-at="2018-11-03T12:42:09Z" name="closeDriver" finished-at="2018-11-03T12:42:09Z" duration-ms="106" status="PASS">
          <reporter-output>
          </reporter-output>
        </test-method> <!-- closeDriver -->
      </class> <!-- com.qa.tests.HomePageTestCases -->
    </test> <!-- Test -->
  </suite> <!-- Regression -->
</testng-results>
